2020-02-05 18:35:20.888  INFO 1296 --- [restartedMain] l.m.community.CommunityApplication       : Starting CommunityApplication on haoqihandeMBP.lan with PID 1296 (/Users/haoqihan/Desktop/community/target/classes started by haoqihan in /Users/haoqihan/Desktop/community)
2020-02-05 18:35:20.891  INFO 1296 --- [restartedMain] l.m.community.CommunityApplication       : No active profile set, falling back to default profiles: default
2020-02-05 18:35:20.949  INFO 1296 --- [restartedMain] .e.DevToolsPropertyDefaultsPostProcessor : Devtools property defaults active! Set 'spring.devtools.add-properties' to 'false' to disable
2020-02-05 18:35:20.950  INFO 1296 --- [restartedMain] .e.DevToolsPropertyDefaultsPostProcessor : For additional web related logging consider setting the 'logging.level.web' property to 'DEBUG'
2020-02-05 18:35:21.942  INFO 1296 --- [restartedMain] o.s.b.w.embedded.tomcat.TomcatWebServer  : Tomcat initialized with port(s): 8887 (http)
2020-02-05 18:35:21.952  INFO 1296 --- [restartedMain] o.apache.catalina.core.StandardService   : Starting service [Tomcat]
2020-02-05 18:35:21.953  INFO 1296 --- [restartedMain] org.apache.catalina.core.StandardEngine  : Starting Servlet engine: [Apache Tomcat/9.0.30]
2020-02-05 18:35:22.022  INFO 1296 --- [restartedMain] o.a.c.c.C.[Tomcat].[localhost].[/]       : Initializing Spring embedded WebApplicationContext
2020-02-05 18:35:22.023  INFO 1296 --- [restartedMain] o.s.web.context.ContextLoader            : Root WebApplicationContext: initialization completed in 1073 ms
2020-02-05 18:35:22.064  INFO 1296 --- [restartedMain] com.zaxxer.hikari.HikariDataSource       : HikariPool-1 - Starting...
2020-02-05 18:35:22.216  INFO 1296 --- [restartedMain] com.zaxxer.hikari.HikariDataSource       : HikariPool-1 - Start completed.
2020-02-05 18:35:22.224  INFO 1296 --- [restartedMain] o.s.b.a.h2.H2ConsoleAutoConfiguration    : H2 console available at '/h2-console'. Database available at 'jdbc:h2:~/community'
2020-02-05 18:35:22.656  INFO 1296 --- [restartedMain] o.s.s.concurrent.ThreadPoolTaskExecutor  : Initializing ExecutorService 'applicationTaskExecutor'
2020-02-05 18:35:22.701  INFO 1296 --- [restartedMain] o.s.b.a.w.s.WelcomePageHandlerMapping    : Adding welcome page template: index
2020-02-05 18:35:22.823  INFO 1296 --- [restartedMain] o.s.b.d.a.OptionalLiveReloadServer       : LiveReload server is running on port 35729
2020-02-05 18:35:22.875  INFO 1296 --- [restartedMain] o.s.b.w.embedded.tomcat.TomcatWebServer  : Tomcat started on port(s): 8887 (http) with context path ''
2020-02-05 18:35:22.878  INFO 1296 --- [restartedMain] l.m.community.CommunityApplication       : Started CommunityApplication in 2.263 seconds (JVM running for 2.722)
2020-02-05 18:36:18.899  INFO 1296 --- [SpringContextShutdownHook] o.s.s.concurrent.ThreadPoolTaskExecutor  : Shutting down ExecutorService 'applicationTaskExecutor'
2020-02-05 18:36:18.902  INFO 1296 --- [SpringContextShutdownHook] com.zaxxer.hikari.HikariDataSource       : HikariPool-1 - Shutdown initiated...
2020-02-05 18:36:18.905  INFO 1296 --- [SpringContextShutdownHook] com.zaxxer.hikari.HikariDataSource       : HikariPool-1 - Shutdown completed.
